  InputManager.cpp
c:\program files (x86)\microsoft visual studio 14.0\vc\include\thr\xthread(240): error C2672: 'std::invoke': no matching overloaded function found
  c:\program files (x86)\microsoft visual studio 14.0\vc\include\thr\xthread(249): note: see reference to function template instantiation 'void std::_LaunchPad<_Target>::_Execute<0>(std::tuple<TPool *> &,std::integer_sequence<std::_Ty,0>)' being compiled
          with
          [
              _Target=std::unique_ptr<std::tuple<TPool *>,std::default_delete<std::tuple<TPool *>>>,
              _Ty=std::size_t
          ]
  c:\program files (x86)\microsoft visual studio 14.0\vc\include\thr\xthread(247): note: see reference to function template instantiation 'void std::_LaunchPad<_Target>::_Execute<0>(std::tuple<TPool *> &,std::integer_sequence<std::_Ty,0>)' being compiled
          with
          [
              _Target=std::unique_ptr<std::tuple<TPool *>,std::default_delete<std::tuple<TPool *>>>,
              _Ty=std::size_t
          ]
  c:\program files (x86)\microsoft visual studio 14.0\vc\include\thr\xthread(244): note: while compiling class template member function 'void std::_LaunchPad<_Target>::_Run(std::_LaunchPad<_Target> *) noexcept'
          with
          [
              _Target=std::unique_ptr<std::tuple<TPool *>,std::default_delete<std::tuple<TPool *>>>
          ]
  c:\program files (x86)\microsoft visual studio 14.0\vc\include\thr\xthread(232): note: see reference to function template instantiation 'void std::_LaunchPad<_Target>::_Run(std::_LaunchPad<_Target> *) noexcept' being compiled
          with
          [
              _Target=std::unique_ptr<std::tuple<TPool *>,std::default_delete<std::tuple<TPool *>>>
          ]
  c:\program files (x86)\microsoft visual studio 14.0\vc\include\thr\xthread(259): note: see reference to class template instantiation 'std::_LaunchPad<_Target>' being compiled
          with
          [
              _Target=std::unique_ptr<std::tuple<TPool *>,std::default_delete<std::tuple<TPool *>>>
          ]
  c:\program files (x86)\microsoft visual studio 14.0\vc\include\thread(50): note: see reference to function template instantiation 'void std::_Launch<std::unique_ptr<std::tuple<TPool *>,std::default_delete<_Ty>>>(_Thrd_t *,_Target &&)' being compiled
          with
          [
              _Ty=std::tuple<TPool *>,
              _Target=std::unique_ptr<std::tuple<TPool *>,std::default_delete<std::tuple<TPool *>>>
          ]
  c:\users\vdlei\documents\sae\7mo\diseño de sistemas de juego\motor\motor\src\inputmanager.cpp(129): note: see reference to function template instantiation 'std::thread::thread<TPool*,,void>(_Fn &&)' being compiled
          with
          [
              _Fn=TPool *
          ]
c:\program files (x86)\microsoft visual studio 14.0\vc\include\thr\xthread(240): error C2893: Failed to specialize function template 'unknown-type std::invoke(_Callable &&,_Types &&...)'
  c:\program files (x86)\microsoft visual studio 14.0\vc\include\thr\xthread(240): note: With the following template arguments:
  c:\program files (x86)\microsoft visual studio 14.0\vc\include\thr\xthread(240): note: '_Callable=TPool *'
  c:\program files (x86)\microsoft visual studio 14.0\vc\include\thr\xthread(240): note: '_Types={}'
